<?xml version="1.0" encoding="UTF-8"?>
<!-- Generated by org.testng.reporters.JUnitReportReporter -->
<testsuite hostname="G10GGNLT052" name="Test.Test.Test1" tests="1" failures="0" timestamp="6 Jan 2020 07:31:33 GMT" time="13.435" errors="0">
  <testcase name="test" time="13.435" classname="Test.Test.Test1"/>
</testsuite> <!-- Test.Test.Test1 -->
